2022-01-25 21:13:53,029 ERROR     client.py В качестве порта может быть только число в диапазоне от 1024 до 65535
2022-01-25 21:16:22,128 ERROR     client.py В качестве порта может быть только число в диапазоне от 1024 до 65535
2022-01-25 21:25:47,945 ERROR     client_log_config.py Ошибка
2022-01-25 21:25:47,946 CRITICAL  client_log_config.py Критическая ошибка
2022-01-25 21:44:56,864 DEBUG     client.py Сформирован запрос на присутствие Клиента
2022-01-25 21:44:56,869 DEBUG     client.py От Сервера получен ответ "200"  на запрос присутствия
2022-01-25 22:37:37,012 DEBUG     client.py Создаем сокет
2022-01-25 22:37:37,014 DEBUG     client.py Формируем сообщение Серверу
2022-01-25 22:37:37,014 DEBUG     client.py Сформирован запрос на присутствие Клиента
2022-01-25 22:37:37,015 DEBUG     client.py Получаем ответ от Сервера
2022-01-25 22:37:37,018 DEBUG     client.py От Сервера получен ответ "200"  на запрос присутствия Клиента
2022-01-25 22:38:08,167 DEBUG     client.py Создаем сокет
2022-01-25 22:38:08,169 DEBUG     client.py Формируем сообщение Серверу
2022-01-25 22:38:08,169 DEBUG     client.py Сформирован запрос на присутствие Клиента
2022-01-25 22:38:08,170 DEBUG     client.py Получаем ответ от Сервера
2022-01-25 22:38:08,173 DEBUG     client.py От Сервера получен ответ "200"  на запрос присутствия Клиента
2022-01-25 22:38:19,669 DEBUG     client.py Создаем сокет
2022-01-25 22:42:22,205 DEBUG     client.py Создаем сокет
2022-01-25 22:42:22,206 DEBUG     client.py Формируем сообщение Серверу
2022-01-25 22:42:22,206 DEBUG     client.py Сформирован запрос на присутствие Клиента
2022-01-25 22:42:22,208 DEBUG     client.py Получаем ответ от Сервера
2022-01-25 22:42:22,210 DEBUG     client.py От Сервера получен ответ "200"  на запрос присутствия Клиента
2022-01-25 22:48:02,132 DEBUG     client.py Создаем сокет
2022-01-25 22:48:02,133 DEBUG     client.py Сформирован запрос на присутствие Клиента
2022-01-25 22:48:02,134 DEBUG     client.py Отправлен запрос Серверу
2022-01-25 22:48:02,134 DEBUG     client.py Получаем ответ от Сервера
2022-01-25 22:48:02,137 DEBUG     client.py От Сервера получен ответ "200"  на запрос присутствия Клиента
2022-01-25 22:51:28,104 DEBUG     client.py Создаем сокет
2022-01-25 22:51:28,105 DEBUG     client.py Сформирован запрос на присутствие Клиента
2022-01-25 22:51:28,107 DEBUG     client.py Отправлен запрос Серверу
2022-01-25 22:51:28,107 DEBUG     client.py Получаем ответ от Сервера
2022-01-25 22:51:28,109 DEBUG     client.py От Сервера получен ответ "200"  на запрос присутствия Клиента
